
> my-v0-project@0.1.0 build
> next build

   ▲ Next.js 15.1.4
   - Environments: .env

   Creating an optimized production build ...
 ✓ Compiled successfully
   Skipping validation of types
   Linting ...
   Collecting page data ...
   Generating static pages (0/46) ...
Error occurred prerendering page "/explorer". Read more: https://nextjs.org/docs/messages/prerender-error
ReferenceError: window is not defined
    at 80633 (E:\antigraviti google\inside engine\insight-engine-ai-ui\frontend\.next\server\chunks\7829.js:59:151244)
    at t (E:\antigraviti google\inside engine\insight-engine-ai-ui\frontend\.next\server\webpack-runtime.js:1:143)
    at 90985 (E:\antigraviti google\inside engine\insight-engine-ai-ui\frontend\.next\server\chunks\7829.js:1:14117)
    at t (E:\antigraviti google\inside engine\insight-engine-ai-ui\frontend\.next\server\webpack-runtime.js:1:143)
    at 59150 (E:\antigraviti google\inside engine\insight-engine-ai-ui\frontend\.next\server\chunks\7829.js:62:155276)
    at t (E:\antigraviti google\inside engine\insight-engine-ai-ui\frontend\.next\server\webpack-runtime.js:1:143)
    at 60778 (E:\antigraviti google\inside engine\insight-engine-ai-ui\frontend\.next\server\chunks\7829.js:689:70181)
    at t (E:\antigraviti google\inside engine\insight-engine-ai-ui\frontend\.next\server\webpack-runtime.js:1:143)
    at 1653 (E:\antigraviti google\inside engine\insight-engine-ai-ui\frontend\.next\server\chunks\1199.js:14:20350)
    at t (E:\antigraviti google\inside engine\insight-engine-ai-ui\frontend\.next\server\webpack-runtime.js:1:143)
Export encountered an error on /explorer/page: /explorer, exiting the build.
 ⨯ Static worker exited with code: 1 and signal: null
